<?xml version="1.0" encoding="UTF-8"?>
<testng-results ignored="0" total="3" passed="3" failed="0" skipped="0">
  <reporter-output>
  </reporter-output>
  <suite started-at="2024-12-18T17:41:19 IST" name="Suite" finished-at="2024-12-18T17:41:24 IST" duration-ms="5774">
    <groups>
    </groups>
    <test started-at="2024-12-18T17:41:19 IST" name="Test" finished-at="2024-12-18T17:41:24 IST" duration-ms="5774">
      <class name="org.testng.ClassA">
        <test-method signature="execute()[pri:0, instance:org.testng.ClassA@5677323c]" started-at="2024-12-18T17:41:19 IST" name="execute" finished-at="2024-12-18T17:41:24 IST" duration-ms="5431" status="PASS">
          <reporter-output>
          </reporter-output>
        </test-method> <!-- execute -->
        <test-method signature="tc1()[pri:0, instance:org.testng.ClassA@5677323c]" started-at="2024-12-18T17:41:24 IST" name="tc1" finished-at="2024-12-18T17:41:24 IST" duration-ms="2" status="PASS">
          <reporter-output>
          </reporter-output>
        </test-method> <!-- tc1 -->
        <test-method signature="tc2(java.lang.String,java.lang.String)[pri:0, instance:org.testng.ClassA@5677323c]" started-at="2024-12-18T17:41:24 IST" name="tc2" finished-at="2024-12-18T17:41:24 IST" duration-ms="269" status="PASS">
          <params>
            <param index="0">
              <value>
                <![CDATA[Priya3110]]>
              </value>
            </param>
            <param index="1">
              <value>
                <![CDATA[Priya@3110]]>
              </value>
            </param>
          </params>
          <reporter-output>
          </reporter-output>
        </test-method> <!-- tc2 -->
      </class> <!-- org.testng.ClassA -->
    </test> <!-- Test -->
  </suite> <!-- Suite -->
</testng-results>
